

Starting Toontown...
Current time: Tue Nov 10 20:58:55 2015 EST
sys.path =  ['/Users/Aaron/Downloads/Possible-Toontown-Online-Source-master', '/usr/lib/python27.zip', '/usr/lib/python2.7', '/usr/lib/python2.7/plat-darwin', '/usr/lib/python2.7/plat-mac', '/usr/lib/python2.7/plat-mac/lib-scriptpackages', '/usr/Extras/lib/python', '/usr/lib/python2.7/lib-tk', '/usr/lib/python2.7/lib-old', '/usr/lib/python2.7/lib-dynload', '/Library/Python/2.7/site-packages', '/Developer/Panda3D']
sys.argv =  ['/Users/Aaron/Downloads/Possible-Toontown-Online-Source-master/start.py']
OTPLocalizer: Running in language: English
TTLocalizer: Running in language: English
ToontownStart: Polling for game2 to finish...
ToontownStart: Game2 is finished.
ToontownStart: Starting the game.
ToontownStart: setting default font
ToontownStart: Loading default gui sounds
ToontownStart: serverVersion:  sv0.0.0.1-dev
TTAccount: accountServer from launcher:  
TTAccount: default accountServer:  https://toontown.go.com
Traceback (most recent call last):
  File "/Users/Aaron/Downloads/Possible-Toontown-Online-Source-master/start.py", line 1, in <module>
    from toontown.toonbase import ToontownStart
  File "/Users/Aaron/Downloads/Possible-Toontown-Online-Source-master/toontown/toonbase/ToontownStart.py", line 88, in <module>
    cr = ToontownClientRepository.ToontownClientRepository(serverVersion, launcher)
  File "/Users/Aaron/Downloads/Possible-Toontown-Online-Source-master/toontown/distributed/ToontownClientRepository.py", line 76, in __init__
    OTPClientRepository.OTPClientRepository.__init__(self, serverVersion, launcher, playGame=PlayGame.PlayGame)
  File "/Users/Aaron/Downloads/Possible-Toontown-Online-Source-master/otp/distributed/OTPClientRepository.py", line 59, in __init__
    ClientRepositoryBase.__init__(self)
  File "/Developer/Panda3D/direct/distributed/ClientRepositoryBase.py", line 49, in __init__
    self.readDCFile(dcFileNames)
  File "/Developer/Panda3D/direct/distributed/ConnectionRepository.py", line 263, in readDCFile
    self.notify.error("Could not read dc file.")
  File "/Developer/Panda3D/direct/directnotify/Notifier.py", line 136, in error
    raise exception(errorString)
StandardError: Could not read dc file.
